[debug] [2025-04-16T09:45:37.839Z] ----------------------------------------------------------------------
[debug] [2025-04-16T09:45:37.843Z] Command:       C:\Program Files\nodejs\node.exe C:\Users\KHALED\AppData\Roaming\npm\node_modules\firebase-tools\lib\bin\firebase.js init
[debug] [2025-04-16T09:45:37.843Z] CLI Version:   14.1.0
[debug] [2025-04-16T09:45:37.844Z] Platform:      win32
[debug] [2025-04-16T09:45:37.844Z] Node Version:  v22.5.1
[debug] [2025-04-16T09:45:37.844Z] Time:          Wed Apr 16 2025 10:45:37 GMT+0100 (West Africa Standard Time)
[debug] [2025-04-16T09:45:37.844Z] ----------------------------------------------------------------------
[debug] 
[debug] [2025-04-16T09:45:37.856Z] > command requires scopes: ["email","openid","https://www.googleapis.com/auth/cloudplatformprojects.readonly","https://www.googleapis.com/auth/firebase","https://www.googleapis.com/auth/cloud-platform"]
[debug] [2025-04-16T09:45:37.856Z] > authorizing via signed-in user (ll_aouinine@esi.dz)
[info] 
     ######## #### ########  ######## ########     ###     ######  ########
     ##        ##  ##     ## ##       ##     ##  ##   ##  ##       ##
     ######    ##  ########  ######   ########  #########  ######  ######
     ##        ##  ##    ##  ##       ##     ## ##     ##       ## ##
     ##       #### ##     ## ######## ########  ##     ##  ######  ########

You're about to initialize a Firebase project in this directory:

  C:\Users\KHALED\Documents\GitHub\Notifications_Service

[info] 
=== Project Setup
[info] 
[info] First, let's associate this project directory with a Firebase project.
[info] You can create multiple project aliases by running firebase use --add, 
[info] but for now we'll just set up a default project.
[info] 
[debug] [2025-04-16T09:47:11.827Z] Checked if tokens are valid: true, expires at: 1744800325726
[debug] [2025-04-16T09:47:11.827Z] Checked if tokens are valid: true, expires at: 1744800325726
[debug] [2025-04-16T09:47:11.834Z] >>> [apiv2][query] GET https://firebase.googleapis.com/v1beta1/projects pageSize=100
[debug] [2025-04-16T09:47:12.886Z] <<< [apiv2][status] GET https://firebase.googleapis.com/v1beta1/projects 200
[debug] [2025-04-16T09:47:12.886Z] <<< [apiv2][body] GET https://firebase.googleapis.com/v1beta1/projects [omitted]
[info] i  Using project irchad-ed416 (irchad) 
[info] 
=== Dataconnect Setup
[debug] [2025-04-16T09:47:14.648Z] Checked if tokens are valid: true, expires at: 1744800325726
[debug] [2025-04-16T09:47:14.648Z] Checked if tokens are valid: true, expires at: 1744800325726
[debug] [2025-04-16T09:47:14.648Z] >>> [apiv2][query] GET https://cloudbilling.googleapis.com/v1/projects/irchad-ed416/billingInfo [none]
[debug] [2025-04-16T09:47:15.552Z] <<< [apiv2][status] GET https://cloudbilling.googleapis.com/v1/projects/irchad-ed416/billingInfo 200
[debug] [2025-04-16T09:47:15.552Z] <<< [apiv2][body] GET https://cloudbilling.googleapis.com/v1/projects/irchad-ed416/billingInfo {"name":"projects/irchad-ed416/billingInfo","projectId":"irchad-ed416","billingAccountName":"","billingEnabled":false}
[info] i  dataconnect: ensuring required API sqladmin.googleapis.com is enabled... 
[debug] [2025-04-16T09:47:15.555Z] Checked if tokens are valid: true, expires at: 1744800325726
[debug] [2025-04-16T09:47:15.555Z] Checked if tokens are valid: true, expires at: 1744800325726
[debug] [2025-04-16T09:47:15.556Z] >>> [apiv2][query] GET https://serviceusage.googleapis.com/v1/projects/irchad-ed416/services/sqladmin.googleapis.com [none]
[debug] [2025-04-16T09:47:15.556Z] >>> [apiv2][(partial)header] GET https://serviceusage.googleapis.com/v1/projects/irchad-ed416/services/sqladmin.googleapis.com x-goog-quota-user=projects/irchad-ed416
[debug] [2025-04-16T09:47:16.850Z] <<< [apiv2][status] GET https://serviceusage.googleapis.com/v1/projects/irchad-ed416/services/sqladmin.googleapis.com 200
[debug] [2025-04-16T09:47:16.851Z] <<< [apiv2][body] GET https://serviceusage.googleapis.com/v1/projects/irchad-ed416/services/sqladmin.googleapis.com [omitted]
[warn] !  dataconnect: missing required API sqladmin.googleapis.com. Enabling now... 
[debug] [2025-04-16T09:47:16.854Z] Checked if tokens are valid: true, expires at: 1744800325726
[debug] [2025-04-16T09:47:16.854Z] Checked if tokens are valid: true, expires at: 1744800325726
[debug] [2025-04-16T09:47:16.855Z] >>> [apiv2][query] POST https://serviceusage.googleapis.com/v1/projects/irchad-ed416/services/sqladmin.googleapis.com:enable [none]
[debug] [2025-04-16T09:47:16.855Z] >>> [apiv2][(partial)header] POST https://serviceusage.googleapis.com/v1/projects/irchad-ed416/services/sqladmin.googleapis.com:enable x-goog-quota-user=projects/irchad-ed416
[debug] [2025-04-16T09:47:19.101Z] <<< [apiv2][status] POST https://serviceusage.googleapis.com/v1/projects/irchad-ed416/services/sqladmin.googleapis.com:enable 200
[debug] [2025-04-16T09:47:19.101Z] <<< [apiv2][body] POST https://serviceusage.googleapis.com/v1/projects/irchad-ed416/services/sqladmin.googleapis.com:enable [omitted]
[debug] [2025-04-16T09:47:29.104Z] Checked if tokens are valid: true, expires at: 1744800325726
[debug] [2025-04-16T09:47:29.104Z] Checked if tokens are valid: true, expires at: 1744800325726
[debug] [2025-04-16T09:47:29.104Z] >>> [apiv2][query] GET https://serviceusage.googleapis.com/v1/projects/irchad-ed416/services/sqladmin.googleapis.com [none]
[debug] [2025-04-16T09:47:29.105Z] >>> [apiv2][(partial)header] GET https://serviceusage.googleapis.com/v1/projects/irchad-ed416/services/sqladmin.googleapis.com x-goog-quota-user=projects/irchad-ed416
[debug] [2025-04-16T09:47:30.075Z] <<< [apiv2][status] GET https://serviceusage.googleapis.com/v1/projects/irchad-ed416/services/sqladmin.googleapis.com 200
[debug] [2025-04-16T09:47:30.075Z] <<< [apiv2][body] GET https://serviceusage.googleapis.com/v1/projects/irchad-ed416/services/sqladmin.googleapis.com [omitted]
[info] +  dataconnect: required API sqladmin.googleapis.com is enabled 
[info] +  Wrote dataconnect\dataconnect.yaml 
[info] +  Wrote dataconnect\schema\schema.gql 
[info] +  Wrote dataconnect\connector\connector.yaml 
[info] +  Wrote dataconnect\connector\queries.gql 
[info] +  Wrote dataconnect\connector\mutations.gql 
[info] +  Detected WEB app in directory C:\Users\KHALED\Documents\GitHub\Notifications_Service 
[debug] [2025-04-16T09:48:06.343Z] ----------------------------------------------------------------------
[debug] [2025-04-16T09:48:06.346Z] Command:       C:\Program Files\nodejs\node.exe C:\Users\KHALED\AppData\Roaming\npm\node_modules\firebase-tools\lib\bin\firebase.js init
[debug] [2025-04-16T09:48:06.347Z] CLI Version:   14.1.0
[debug] [2025-04-16T09:48:06.347Z] Platform:      win32
[debug] [2025-04-16T09:48:06.347Z] Node Version:  v22.5.1
[debug] [2025-04-16T09:48:06.347Z] Time:          Wed Apr 16 2025 10:48:06 GMT+0100 (West Africa Standard Time)
[debug] [2025-04-16T09:48:06.348Z] ----------------------------------------------------------------------
[debug] 
[debug] [2025-04-16T09:48:06.357Z] > command requires scopes: ["email","openid","https://www.googleapis.com/auth/cloudplatformprojects.readonly","https://www.googleapis.com/auth/firebase","https://www.googleapis.com/auth/cloud-platform"]
[debug] [2025-04-16T09:48:06.357Z] > authorizing via signed-in user (ll_aouinine@esi.dz)
[info] 
     ######## #### ########  ######## ########     ###     ######  ########
     ##        ##  ##     ## ##       ##     ##  ##   ##  ##       ##
     ######    ##  ########  ######   ########  #########  ######  ######
     ##        ##  ##    ##  ##       ##     ## ##     ##       ## ##
     ##       #### ##     ## ######## ########  ##     ##  ######  ########

You're about to initialize a Firebase project in this directory:

  C:\Users\KHALED\Documents\GitHub\Notifications_Service

